Traceback (most recent call last):
  File "/usr/local/python/3.12.1/lib/python3.12/site-packages/jupyter_cache/executors/utils.py", line 58, in single_nb_execution
    executenb(
  File "/home/codespace/.local/lib/python3.12/site-packages/nbclient/client.py", line 1319, in execute
    return NotebookClient(nb=nb, resources=resources, km=km, **kwargs).execute()
           ^^^^^^^^^^^^^^^^^^^^^^^^^^^^^^^^^^^^^^^^^^^^^^^^^^^^^^^^^^^^^^^^^^^^^
  File "/home/codespace/.local/lib/python3.12/site-packages/jupyter_core/utils/__init__.py", line 165, in wrapped
    return loop.run_until_complete(inner)
           ^^^^^^^^^^^^^^^^^^^^^^^^^^^^^^
  File "/usr/local/python/3.12.1/lib/python3.12/asyncio/base_events.py", line 684, in run_until_complete
    return future.result()
           ^^^^^^^^^^^^^^^
  File "/home/codespace/.local/lib/python3.12/site-packages/nbclient/client.py", line 709, in async_execute
    await self.async_execute_cell(
  File "/home/codespace/.local/lib/python3.12/site-packages/nbclient/client.py", line 1062, in async_execute_cell
    await self._check_raise_for_error(cell, cell_index, exec_reply)
  File "/home/codespace/.local/lib/python3.12/site-packages/nbclient/client.py", line 918, in _check_raise_for_error
    raise CellExecutionError.from_cell_and_msg(cell, exec_reply_content)
nbclient.exceptions.CellExecutionError: An error occurred while executing the following cell:
------------------
# Jawab :
import numpy as np

# Membuat matriks augmented
A = np.array([
    [1, 2, 1, 9],
    [2, 3, 4, 20],
    [3, 1, 3, 13]
], dtype=float)

n = len(A)

# Proses Eliminasi Gauss (Forward Elimination)
for i in range(n):
    
    # Membuat pivot = 1 (jika tidak nol)
    if A[i][i] != 0:
        A[i] = A[i] / A[i][i]
    
    # Menghilangkan elemen di bawah pivot
    for j in range(i+1, n):
        A[j] = A[j] - A[j][i] * A[i]

print("Matriks setelah eliminasi:")
print(A)

# Substitusi Mundur (Back Substitution)
x = np.zeros(n)

for i in range(n-1, -1, -1):
    x[i] = A[i][-1] - np.dot(A[i, i+1:n], x[i+1:n])

print("\nSolusi:")
for i in range(n):
    print(f"x{i+1} =", x[i])
------------------


[31m---------------------------------------------------------------------------[39m
[31mModuleNotFoundError[39m                       Traceback (most recent call last)
[36mCell[39m[36m [39m[32mIn[1][39m[32m, line 2[39m
[32m      1[39m [38;5;66;03m# Jawab :[39;00m
[32m----> [39m[32m2[39m [38;5;28;01mimport[39;00m[38;5;250m [39m[34;01mnumpy[39;00m[38;5;250m [39m[38;5;28;01mas[39;00m[38;5;250m [39m[34;01mnp[39;00m
[32m      4[39m [38;5;66;03m# Membuat matriks augmented[39;00m
[32m      5[39m A = np.array([
[32m      6[39m     [[32m1[39m, [32m2[39m, [32m1[39m, [32m9[39m],
[32m      7[39m     [[32m2[39m, [32m3[39m, [32m4[39m, [32m20[39m],
[32m      8[39m     [[32m3[39m, [32m1[39m, [32m3[39m, [32m13[39m]
[32m      9[39m ], dtype=[38;5;28mfloat[39m)

[31mModuleNotFoundError[39m: No module named 'numpy'

